This is pdfTeX, Version 3.14159265-2.6-1.40.20 (TeX Live 2019/Debian) (preloaded format=pdflatex 2022.2.18)  4 MAR 2022 21:03
entering extended mode
 restricted \write18 enabled.
 file:line:error style messages enabled.
 %&-line parsing enabled.
**/home/leo/Escritorio/coms/Practica_1_leopodo_cadavid/Comunicaciones_Leopoldo_Cadavid/memoria/Memoria.tex
(/home/leo/Escritorio/coms/Practica_1_leopodo_cadavid/Comunicaciones_Leopoldo_Cadavid/memoria/Memoria.tex
LaTeX2e <2020-02-02> patch level 2
L3 programming layer <2020-02-14> (/usr/share/texlive/texmf-dist/tex/latex/base/article.cls
Document Class: article 2019/12/20 v1.4l Standard LaTeX document class
(/usr/share/texlive/texmf-dist/tex/latex/base/size12.clo
File: size12.clo 2019/12/20 v1.4l Standard LaTeX file (size option)
)
\c@part=\count167
\c@section=\count168
\c@subsection=\count169
\c@subsubsection=\count170
\c@paragraph=\count171
\c@subparagraph=\count172
\c@figure=\count173
\c@table=\count174
\abovecaptionskip=\skip47
\belowcaptionskip=\skip48
\bibindent=\dimen134
) (/usr/share/texlive/texmf-dist/tex/latex/amsmath/amsmath.sty
Package: amsmath 2020/01/20 v2.17e AMS math features
\@mathmargin=\skip49

For additional information on amsmath, use the `?' option.
(/usr/share/texlive/texmf-dist/tex/latex/amsmath/amstext.sty
Package: amstext 2000/06/29 v2.01 AMS text
 (/usr/share/texlive/texmf-dist/tex/latex/amsmath/amsgen.sty
File: amsgen.sty 1999/11/30 v2.0 generic functions
\@emptytoks=\toks14
\ex@=\dimen135
)) (/usr/share/texlive/texmf-dist/tex/latex/amsmath/amsbsy.sty
Package: amsbsy 1999/11/29 v1.2d Bold Symbols
\pmbraise@=\dimen136
) (/usr/share/texlive/texmf-dist/tex/latex/amsmath/amsopn.sty
Package: amsopn 2016/03/08 v2.02 operator names
)
\inf@bad=\count175
LaTeX Info: Redefining \frac on input line 227.
\uproot@=\count176
\leftroot@=\count177
LaTeX Info: Redefining \overline on input line 389.
\classnum@=\count178
\DOTSCASE@=\count179
LaTeX Info: Redefining \ldots on input line 486.
LaTeX Info: Redefining \dots on input line 489.
LaTeX Info: Redefining \cdots on input line 610.
\Mathstrutbox@=\box45
\strutbox@=\box46
\big@size=\dimen137
LaTeX Font Info:    Redeclaring font encoding OML on input line 733.
LaTeX Font Info:    Redeclaring font encoding OMS on input line 734.
\macc@depth=\count180
\c@MaxMatrixCols=\count181
\dotsspace@=\muskip16
\c@parentequation=\count182
\dspbrk@lvl=\count183
\tag@help=\toks15
\row@=\count184
\column@=\count185
\maxfields@=\count186
\andhelp@=\toks16
\eqnshift@=\dimen138
\alignsep@=\dimen139
\tagshift@=\dimen140
\tagwidth@=\dimen141
\totwidth@=\dimen142
\lineht@=\dimen143
\@envbody=\toks17
\multlinegap=\skip50
\multlinetaggap=\skip51
\mathdisplay@stack=\toks18
LaTeX Info: Redefining \[ on input line 2859.
LaTeX Info: Redefining \] on input line 2860.
) (/usr/share/texlive/texmf-dist/tex/latex/graphics/graphicx.sty
Package: graphicx 2019/11/30 v1.2a Enhanced LaTeX Graphics (DPC,SPQR)
 (/usr/share/texlive/texmf-dist/tex/latex/graphics/keyval.sty
Package: keyval 2014/10/28 v1.15 key=value parser (DPC)
\KV@toks@=\toks19
) (/usr/share/texlive/texmf-dist/tex/latex/graphics/graphics.sty
Package: graphics 2019/11/30 v1.4a Standard LaTeX Graphics (DPC,SPQR)
 (/usr/share/texlive/texmf-dist/tex/latex/graphics/trig.sty
Package: trig 2016/01/03 v1.10 sin cos tan (DPC)
) (/usr/share/texlive/texmf-dist/tex/latex/graphics-cfg/graphics.cfg
File: graphics.cfg 2016/06/04 v1.11 sample graphics configuration
)
Package graphics Info: Driver file: pdftex.def on input line 105.
 (/usr/share/texlive/texmf-dist/tex/latex/graphics-def/pdftex.def
File: pdftex.def 2018/01/08 v1.0l Graphics/color driver for pdftex
))
\Gin@req@height=\dimen144
\Gin@req@width=\dimen145
) (/usr/share/texlive/texmf-dist/tex/latex/base/inputenc.sty
Package: inputenc 2018/08/11 v1.3c Input encoding file
\inpenc@prehook=\toks20
\inpenc@posthook=\toks21
) (/usr/share/texlive/texmf-dist/tex/generic/babel/babel.sty
Package: babel 2020/02/14 3.40 The Babel package
 (/usr/share/texlive/texmf-dist/tex/generic/babel/switch.def
File: switch.def 2020/02/14 3.40 Babel switching mechanism
) (/usr/share/texlive/texmf-dist/tex/generic/babel-spanish/spanish.ldf
Language: spanish.ldf 2016/03/03 v5.0p Spanish support from the babel system
 (/usr/share/texlive/texmf-dist/tex/generic/babel/babel.def
File: babel.def 2020/02/14 3.40 Babel common definitions
\babel@savecnt=\count187
\U@D=\dimen146
 (/usr/share/texlive/texmf-dist/tex/generic/babel/txtbabel.def)
\bbl@readstream=\read2
\bbl@dirlevel=\count188
)
\es@quottoks=\toks22
\es@quotdepth=\count189
Package babel Info: Making " an active character on input line 561.
Package babel Info: Making . an active character on input line 662.
Package babel Info: Making < an active character on input line 707.
Package babel Info: Making > an active character on input line 707.
)) (/usr/share/texlive/texmf-dist/tex/latex/hyperref/hyperref.sty
Package: hyperref 2020/01/14 v7.00d Hypertext links for LaTeX
 (/usr/share/texlive/texmf-dist/tex/generic/ltxcmds/ltxcmds.sty
Package: ltxcmds 2019/12/15 v1.24 LaTeX kernel commands for general use (HO)
) (/usr/share/texlive/texmf-dist/tex/generic/iftex/iftex.sty
Package: iftex 2019/11/07 v1.0c TeX engine tests
) (/usr/share/texlive/texmf-dist/tex/latex/pdftexcmds/pdftexcmds.sty
Package: pdftexcmds 2019/11/24 v0.31 Utility functions of pdfTeX for LuaTeX (HO)
 (/usr/share/texlive/texmf-dist/tex/generic/infwarerr/infwarerr.sty
Package: infwarerr 2019/12/03 v1.5 Providing info/warning/error messages (HO)
)
Package pdftexcmds Info: \pdf@primitive is available.
Package pdftexcmds Info: \pdf@ifprimitive is available.
Package pdftexcmds Info: \pdfdraftmode found.
) (/usr/share/texlive/texmf-dist/tex/generic/kvsetkeys/kvsetkeys.sty
Package: kvsetkeys 2019/12/15 v1.18 Key value parser (HO)
) (/usr/share/texlive/texmf-dist/tex/generic/kvdefinekeys/kvdefinekeys.sty
Package: kvdefinekeys 2019-12-19 v1.6 Define keys (HO)
) (/usr/share/texlive/texmf-dist/tex/generic/pdfescape/pdfescape.sty
Package: pdfescape 2019/12/09 v1.15 Implements pdfTeX's escape features (HO)
) (/usr/share/texlive/texmf-dist/tex/latex/hycolor/hycolor.sty
Package: hycolor 2020-01-27 v1.10 Color options for hyperref/bookmark (HO)
) (/usr/share/texlive/texmf-dist/tex/latex/letltxmacro/letltxmacro.sty
Package: letltxmacro 2019/12/03 v1.6 Let assignment for LaTeX macros (HO)
) (/usr/share/texlive/texmf-dist/tex/latex/auxhook/auxhook.sty
Package: auxhook 2019-12-17 v1.6 Hooks for auxiliary files (HO)
) (/usr/share/texlive/texmf-dist/tex/latex/kvoptions/kvoptions.sty
Package: kvoptions 2019/11/29 v3.13 Key value format for package options (HO)
)
\@linkdim=\dimen147
\Hy@linkcounter=\count190
\Hy@pagecounter=\count191
 (/usr/share/texlive/texmf-dist/tex/latex/hyperref/pd1enc.def
File: pd1enc.def 2020/01/14 v7.00d Hyperref: PDFDocEncoding definition (HO)
Now handling font encoding PD1 ...
... no UTF-8 mapping file for font encoding PD1
) (/usr/share/texlive/texmf-dist/tex/generic/intcalc/intcalc.sty
Package: intcalc 2019/12/15 v1.3 Expandable calculations with integers (HO)
) (/usr/share/texlive/texmf-dist/tex/generic/etexcmds/etexcmds.sty
Package: etexcmds 2019/12/15 v1.7 Avoid name clashes with e-TeX commands (HO)
)
\Hy@SavedSpaceFactor=\count192
\pdfmajorversion=\count193
Package hyperref Info: Hyper figures OFF on input line 4547.
Package hyperref Info: Link nesting OFF on input line 4552.
Package hyperref Info: Hyper index ON on input line 4555.
Package hyperref Info: Plain pages OFF on input line 4562.
Package hyperref Info: Backreferencing OFF on input line 4567.
Package hyperref Info: Implicit mode ON; LaTeX internals redefined.
Package hyperref Info: Bookmarks ON on input line 4800.
\c@Hy@tempcnt=\count194
 (/usr/share/texlive/texmf-dist/tex/latex/url/url.sty
\Urlmuskip=\muskip17
Package: url 2013/09/16  ver 3.4  Verb mode for urls, etc.
)
LaTeX Info: Redefining \url on input line 5159.
\XeTeXLinkMargin=\dimen148
 (/usr/share/texlive/texmf-dist/tex/generic/bitset/bitset.sty
Package: bitset 2019/12/09 v1.3 Handle bit-vector datatype (HO)
 (/usr/share/texlive/texmf-dist/tex/generic/bigintcalc/bigintcalc.sty
Package: bigintcalc 2019/12/15 v1.5 Expandable calculations on big integers (HO)
))
\Fld@menulength=\count195
\Field@Width=\dimen149
\Fld@charsize=\dimen150
Package hyperref Info: Hyper figures OFF on input line 6430.
Package hyperref Info: Link nesting OFF on input line 6435.
Package hyperref Info: Hyper index ON on input line 6438.
Package hyperref Info: backreferencing OFF on input line 6445.
Package hyperref Info: Link coloring OFF on input line 6450.
Package hyperref Info: Link coloring with OCG OFF on input line 6455.
Package hyperref Info: PDF/A mode OFF on input line 6460.
LaTeX Info: Redefining \ref on input line 6500.
LaTeX Info: Redefining \pageref on input line 6504.
 (/usr/share/texlive/texmf-dist/tex/generic/atbegshi/atbegshi.sty
Package: atbegshi 2019/12/05 v1.19 At begin shipout hook (HO)
)
\Hy@abspage=\count196
\c@Item=\count197
\c@Hfootnote=\count198
)
Package hyperref Info: Driver (autodetected): hpdftex.
 (/usr/share/texlive/texmf-dist/tex/latex/hyperref/hpdftex.def
File: hpdftex.def 2020/01/14 v7.00d Hyperref driver for pdfTeX
 (/usr/share/texlive/texmf-dist/tex/latex/atveryend/atveryend.sty
Package: atveryend 2019-12-11 v1.11 Hooks at the very end of document (HO)
Package atveryend Info: \enddocument detected (standard20110627).
)
\Fld@listcount=\count199
\c@bookmark@seq@number=\count266
 (/usr/share/texlive/texmf-dist/tex/latex/rerunfilecheck/rerunfilecheck.sty
Package: rerunfilecheck 2019/12/05 v1.9 Rerun checks for auxiliary files (HO)
 (/usr/share/texlive/texmf-dist/tex/generic/uniquecounter/uniquecounter.sty
Package: uniquecounter 2019/12/15 v1.4 Provide unlimited unique counter (HO)
)
Package uniquecounter Info: New unique counter `rerunfilecheck' on input line 286.
)
\Hy@SectionHShift=\skip52
) (/usr/share/texlive/texmf-dist/tex/latex/float/float.sty
Package: float 2001/11/08 v1.3d Float enhancements (AL)
\c@float@type=\count267
\float@exts=\toks23
\float@box=\box47
\@float@everytoks=\toks24
\@floatcapt=\box48
) (/usr/share/texlive/texmf-dist/tex/latex/l3backend/l3backend-pdfmode.def
File: l3backend-pdfmode.def 2020-02-03 L3 backend support: PDF mode
\l__kernel_color_stack_int=\count268
\l__pdf_internal_box=\box49
) (/home/leo/Escritorio/coms/Practica_1_leopodo_cadavid/Comunicaciones_Leopoldo_Cadavid/memoria/Memoria.aux
LaTeX Info: Redefining \. on input line 24.
LaTeX Info: Redefining \% on input line 24.
)
\openout1 = `Memoria.aux'.

LaTeX Font Info:    Checking defaults for OML/cmm/m/it on input line 35.
LaTeX Font Info:    ... okay on input line 35.
LaTeX Font Info:    Checking defaults for OMS/cmsy/m/n on input line 35.
LaTeX Font Info:    ... okay on input line 35.
LaTeX Font Info:    Checking defaults for OT1/cmr/m/n on input line 35.
LaTeX Font Info:    ... okay on input line 35.
LaTeX Font Info:    Checking defaults for T1/cmr/m/n on input line 35.
LaTeX Font Info:    ... okay on input line 35.
LaTeX Font Info:    Checking defaults for TS1/cmr/m/n on input line 35.
LaTeX Font Info:    ... okay on input line 35.
LaTeX Font Info:    Checking defaults for OMX/cmex/m/n on input line 35.
LaTeX Font Info:    ... okay on input line 35.
LaTeX Font Info:    Checking defaults for U/cmr/m/n on input line 35.
LaTeX Font Info:    ... okay on input line 35.
LaTeX Font Info:    Checking defaults for PD1/pdf/m/n on input line 35.
LaTeX Font Info:    ... okay on input line 35.
 (/usr/share/texlive/texmf-dist/tex/context/base/mkii/supp-pdf.mkii
[Loading MPS to PDF converter (version 2006.09.02).]
\scratchcounter=\count269
\scratchdimen=\dimen151
\scratchbox=\box50
\nofMPsegments=\count270
\nofMParguments=\count271
\everyMPshowfont=\toks25
\MPscratchCnt=\count272
\MPscratchDim=\dimen152
\MPnumerator=\count273
\makeMPintoPDFobject=\count274
\everyMPtoPDFconversion=\toks26
) (/usr/share/texlive/texmf-dist/tex/latex/epstopdf-pkg/epstopdf-base.sty
Package: epstopdf-base 2020-01-24 v2.11 Base part for package epstopdf
Package epstopdf-base Info: Redefining graphics rule for `.eps' on input line 485.
 (/usr/share/texlive/texmf-dist/tex/latex/latexconfig/epstopdf-sys.cfg
File: epstopdf-sys.cfg 2010/07/13 v1.3 Configuration of (r)epstopdf for TeX Live
))
LaTeX Info: Redefining \. on input line 35.
LaTeX Info: Redefining \% on input line 35.
\AtBeginShipoutBox=\box51
Package hyperref Info: Link coloring OFF on input line 35.
 (/usr/share/texlive/texmf-dist/tex/latex/hyperref/nameref.sty
Package: nameref 2019/09/16 v2.46 Cross-referencing by name of section
 (/usr/share/texlive/texmf-dist/tex/latex/refcount/refcount.sty
Package: refcount 2019/12/15 v3.6 Data extraction from label references (HO)
) (/usr/share/texlive/texmf-dist/tex/generic/gettitlestring/gettitlestring.sty
Package: gettitlestring 2019/12/15 v1.6 Cleanup title references (HO)
)
\c@section@level=\count275
)
LaTeX Info: Redefining \ref on input line 35.
LaTeX Info: Redefining \pageref on input line 35.
LaTeX Info: Redefining \nameref on input line 35.
 (/home/leo/Escritorio/coms/Practica_1_leopodo_cadavid/Comunicaciones_Leopoldo_Cadavid/memoria/Memoria.out) (/home/leo/Escritorio/coms/Practica_1_leopodo_cadavid/Comunicaciones_Leopoldo_Cadavid/memoria/Memoria.out)
\@outlinefile=\write3
\openout3 = `Memoria.out'.

 (/home/leo/Escritorio/coms/Practica_1_leopodo_cadavid/Comunicaciones_Leopoldo_Cadavid/memoria/Memoria.toc
LaTeX Info: Redefining \. on input line 1.
LaTeX Info: Redefining \% on input line 1.
)
\tf@toc=\write4
\openout4 = `Memoria.toc'.


Underfull \hbox (badness 10000) in paragraph at lines 42--45

 []

[1

{/var/lib/texmf/fonts/map/pdftex/updmap/pdftex.map}]
Underfull \hbox (badness 10000) in paragraph at lines 69--71

 []


Overfull \hbox (29.9002pt too wide) in paragraph at lines 75--75
[]    \OT1/cmtt/m/n/12 ES&mode=json&units=metric&APPID=339f553dbde09f5130892ce20de1dccf[] 
 []

<images2/alicantenav.png, id=69, 505.89pt x 792.9625pt>
File: images2/alicantenav.png Graphic file (type png)
<use images2/alicantenav.png>
Package pdftex.def Info: images2/alicantenav.png  used on input line 82.
(pdftex.def)             Requested size: 252.94437pt x 396.48027pt.
[2]
<images2/aliopencol.png, id=75, 847.165pt x 1412.27625pt>
File: images2/aliopencol.png Graphic file (type png)
<use images2/aliopencol.png>
Package pdftex.def Info: images2/aliopencol.png  used on input line 92.
(pdftex.def)             Requested size: 254.15146pt x 423.68614pt.
 [3pdfTeX warning (ext4): destination with the same identifier (name{figure.1}) has been already used, duplicate ignored

\AtBegShi@Output ...ipout \box \AtBeginShipoutBox 
                                                  \fi \fi 
l.96 
      </home/leo/Escritorio/coms/Practica_1_leopodo_cadavid/Comunicaciones_Leopoldo_Cadavid/memoria/images2/alicantenav.png>]
Underfull \hbox (badness 10000) in paragraph at lines 97--100

 []

[4pdfTeX warning (ext4): destination with the same identifier (name{figure.2}) has been already used, duplicate ignored

\AtBegShi@Output ...ipout \box \AtBeginShipoutBox 
                                                  \fi \fi 
l.102 
       </home/leo/Escritorio/coms/Practica_1_leopodo_cadavid/Comunicaciones_Leopoldo_Cadavid/memoria/images2/aliopencol.png>]
<images2/flowcaracas.png, id=88, 1337.99875pt x 898.35625pt>
File: images2/flowcaracas.png Graphic file (type png)
<use images2/flowcaracas.png>
Package pdftex.def Info: images2/flowcaracas.png  used on input line 105.
(pdftex.def)             Requested size: 334.49887pt x 224.5885pt.
<images2/gauge_donut.png, id=89, 1194.4625pt x 895.345pt>
File: images2/gauge_donut.png Graphic file (type png)
<use images2/gauge_donut.png>
Package pdftex.def Info: images2/gauge_donut.png  used on input line 121.
(pdftex.def)             Requested size: 298.61488pt x 223.8357pt.
 [5pdfTeX warning (ext4): destination with the same identifier (name{figure.3}) has been already used, duplicate ignored

\AtBegShi@Output ...ipout \box \AtBeginShipoutBox 
                                                  \fi \fi 
l.125 
       </home/leo/Escritorio/coms/Practica_1_leopodo_cadavid/Comunicaciones_Leopoldo_Cadavid/memoria/images2/flowcaracas.png>]
Underfull \hbox (badness 10000) in paragraph at lines 128--132

 []

<images2/noderedportugal.png, id=96, 785.93625pt x 314.17375pt>
File: images2/noderedportugal.png Graphic file (type png)
<use images2/noderedportugal.png>
Package pdftex.def Info: images2/noderedportugal.png  used on input line 135.
(pdftex.def)             Requested size: 314.36893pt x 125.66727pt.
<images2/graficasportugal.png, id=97, 554.07pt x 512.91624pt>
File: images2/graficasportugal.png Graphic file (type png)
<use images2/graficasportugal.png>
Package pdftex.def Info: images2/graficasportugal.png  used on input line 145.
(pdftex.def)             Requested size: 221.62407pt x 205.16286pt.
[6pdfTeX warning (ext4): destination with the same identifier (name{figure.4}) has been already used, duplicate ignored

\AtBegShi@Output ...ipout \box \AtBeginShipoutBox 
                                                  \fi \fi 
l.148 \end{figure}
                  pdfTeX warning (ext4): destination with the same identifier (name{figure.5}) has been already used, duplicate ignored

\AtBegShi@Output ...ipout \box \AtBeginShipoutBox 
                                                  \fi \fi 
l.148 \end{figure}
                   </home/leo/Escritorio/coms/Practica_1_leopodo_cadavid/Comunicaciones_Leopoldo_Cadavid/memoria/images2/gauge_donut.png> </home/leo/Escritorio/coms/Practica_1_leopodo_cadavid/Comunicaciones_Leopoldo_Cadavid/memoria/images2/noderedportugal.png>]
Underfull \hbox (badness 10000) in paragraph at lines 152--154

 []

<images2/BOTNODERED.png, id=106, 741.77126pt x 549.05125pt>
File: images2/BOTNODERED.png Graphic file (type png)
<use images2/BOTNODERED.png>
Package pdftex.def Info: images2/BOTNODERED.png  used on input line 157.
(pdftex.def)             Requested size: 296.70325pt x 219.61661pt.
[7pdfTeX warning (ext4): destination with the same identifier (name{figure.6}) has been already used, duplicate ignored

\AtBegShi@Output ...ipout \box \AtBeginShipoutBox 
                                                  \fi \fi 
l.161 
       </home/leo/Escritorio/coms/Practica_1_leopodo_cadavid/Comunicaciones_Leopoldo_Cadavid/memoria/images2/graficasportugal.png>]
Underfull \hbox (badness 10000) in paragraph at lines 164--167

 []

<images2/comandoinfo.png, id=114, 482.80376pt x 204.765pt>
File: images2/comandoinfo.png Graphic file (type png)
<use images2/comandoinfo.png>
Package pdftex.def Info: images2/comandoinfo.png  used on input line 170.
(pdftex.def)             Requested size: 193.11807pt x 81.90454pt.

Underfull \hbox (badness 10000) in paragraph at lines 177--179

 []

[8pdfTeX warning (ext4): destination with the same identifier (name{figure.7}) has been already used, duplicate ignored

\AtBegShi@Output ...ipout \box \AtBeginShipoutBox 
                                                  \fi \fi 
l.180 \begin{verbatim}
                      pdfTeX warning (ext4): destination with the same identifier (name{figure.8}) has been already used, duplicate ignored

\AtBegShi@Output ...ipout \box \AtBeginShipoutBox 
                                                  \fi \fi 
l.180 \begin{verbatim}
                       </home/leo/Escritorio/coms/Practica_1_leopodo_cadavid/Comunicaciones_Leopoldo_Cadavid/memoria/images2/BOTNODERED.png> </home/leo/Escritorio/coms/Practica_1_leopodo_cadavid/Comunicaciones_Leopoldo_Cadavid/memoria/images2/comandoinfo.png>]
Overfull \hbox (17.5502pt too wide) in paragraph at lines 214--214
[]        \OT1/cmtt/m/n/12 + variable2 +  " grados centigrados " + variable3 + "\n" +[] 
 []

<images2/comandotiempo_hoy.png, id=123, 480.79625pt x 263.98625pt>
File: images2/comandotiempo_hoy.png Graphic file (type png)
<use images2/comandotiempo_hoy.png>
Package pdftex.def Info: images2/comandotiempo_hoy.png  used on input line 219.
(pdftex.def)             Requested size: 192.31508pt x 105.59262pt.
[9]
<images2/tiempoCaracas.png, id=129, 480.79625pt x 208.78pt>
File: images2/tiempoCaracas.png Graphic file (type png)
<use images2/tiempoCaracas.png>
Package pdftex.def Info: images2/tiempoCaracas.png  used on input line 231.
(pdftex.def)             Requested size: 192.31508pt x 83.5105pt.
<images2/comandopRESIO.png, id=130, 641.39626pt x 258.9675pt>
File: images2/comandopRESIO.png Graphic file (type png)
<use images2/comandopRESIO.png>
Package pdftex.def Info: images2/comandopRESIO.png  used on input line 242.
(pdftex.def)             Requested size: 256.55396pt x 103.58514pt.
 [10pdfTeX warning (ext4): destination with the same identifier (name{figure.9}) has been already used, duplicate ignored

\AtBegShi@Output ...ipout \box \AtBeginShipoutBox 
                                                  \fi \fi 
l.246 
      pdfTeX warning (ext4): destination with the same identifier (name{figure.10}) has been already used, duplicate ignored

\AtBegShi@Output ...ipout \box \AtBeginShipoutBox 
                                                  \fi \fi 
l.246 
       </home/leo/Escritorio/coms/Practica_1_leopodo_cadavid/Comunicaciones_Leopoldo_Cadavid/memoria/images2/comandotiempo_hoy.png> </home/leo/Escritorio/coms/Practica_1_leopodo_cadavid/Comunicaciones_Leopoldo_Cadavid/memoria/images2/tiempoCaracas.png>]
Overfull \hbox (97.82524pt too wide) in paragraph at lines 272--272
[]        \OT1/cmtt/m/n/12 content: "El precio de bitcoin es: " + variable.lastPrice + " d^^Solares,"[] 
 []


Overfull \hbox (104.00024pt too wide) in paragraph at lines 272--272
[]        \OT1/cmtt/m/n/12 + " el precio ha " + cambiado + cambio + "en las ^^Sultimas 24 horas un " +[] 
 []

<images2/comando_bitcoin.png, id=139, 642.4pt x 255.95625pt>
File: images2/comando_bitcoin.png Graphic file (type png)
<use images2/comando_bitcoin.png>
Package pdftex.def Info: images2/comando_bitcoin.png  used on input line 278.
(pdftex.def)             Requested size: 256.95544pt x 102.38068pt.
[11pdfTeX warning (ext4): destination with the same identifier (name{figure.11}) has been already used, duplicate ignored

\AtBegShi@Output ...ipout \box \AtBeginShipoutBox 
                                                  \fi \fi 
l.282 
       </home/leo/Escritorio/coms/Practica_1_leopodo_cadavid/Comunicaciones_Leopoldo_Cadavid/memoria/images2/comandopRESIO.png>]
Underfull \hbox (badness 10000) in paragraph at lines 284--286

 []

Package atveryend Info: Empty hook `BeforeClearDocument' on input line 291.
[12pdfTeX warning (ext4): destination with the same identifier (name{figure.12}) has been already used, duplicate ignored

\AtBegShi@Output ...ipout \box \AtBeginShipoutBox 
                                                  \fi \fi 
l.291 \end{document}
                     </home/leo/Escritorio/coms/Practica_1_leopodo_cadavid/Comunicaciones_Leopoldo_Cadavid/memoria/images2/comando_bitcoin.png>]
Package atveryend Info: Empty hook `AfterLastShipout' on input line 291.
 (/home/leo/Escritorio/coms/Practica_1_leopodo_cadavid/Comunicaciones_Leopoldo_Cadavid/memoria/Memoria.aux
LaTeX Info: Redefining \. on input line 24.
LaTeX Info: Redefining \% on input line 24.
)
Package atveryend Info: Executing hook `AtVeryEndDocument' on input line 291.
Package atveryend Info: Executing hook `AtEndAfterFileList' on input line 291.
Package rerunfilecheck Info: File `Memoria.out' has not changed.
(rerunfilecheck)             Checksum: 6849DD7B1C662E95F00C5820A81044E2;602.
Package atveryend Info: Empty hook `AtVeryVeryEnd' on input line 291.
 ) 
Here is how much of TeX's memory you used:
 6979 strings out of 481239
 105450 string characters out of 5920377
 380543 words of memory out of 5000000
 22082 multiletter control sequences out of 15000+600000
 538800 words of font info for 47 fonts, out of 8000000 for 9000
 1141 hyphenation exceptions out of 8191
 34i,7n,35p,311b,406s stack positions out of 5000i,500n,10000p,200000b,80000s
</usr/share/texlive/texmf-dist/fonts/type1/public/amsfonts/cm/cmbx12.pfb></usr/share/texlive/texmf-dist/fonts/type1/public/amsfonts/cm/cmr12.pfb></usr/share/texlive/texmf-dist/fonts/type1/public/amsfonts/cm/cmr17.pfb></usr/share/texlive/texmf-dist/fonts/type1/public/amsfonts/cm/cmtt12.pfb>
Output written on /home/leo/Escritorio/coms/Practica_1_leopodo_cadavid/Comunicaciones_Leopoldo_Cadavid/memoria/Memoria.pdf (12 pages, 742655 bytes).
PDF statistics:
 180 PDF objects out of 1000 (max. 8388607)
 136 compressed objects within 2 object streams
 37 named destinations out of 1000 (max. 500000)
 149 words of extra memory for PDF output out of 10000 (max. 10000000)

